<?xml version="1.0" encoding="UTF-8"?>
<!-- Generated by org.testng.reporters.JUnitReportReporter -->
<testsuite hostname="Vardot" failures="0" tests="1" name="runners.CareSearchRunner" time="21.706" errors="0" timestamp="2025-06-22T13:13:54 EEST" skipped="0">
  <testcase classname="runners.CareSearchRunner" name="runScenario" time="21.706"/>
</testsuite> <!-- runners.CareSearchRunner -->
